<?xml version="1.0" encoding="UTF-8"?>
<!-- Generated by org.testng.reporters.JUnitReportReporter -->
<testsuite hostname="USBLRKB5" name="com.hellofresh.RegressionSuite.CheckoutTest" tests="1" failures="0" timestamp="20 May 2018 10:50:56 GMT" time="33.584" errors="0">
  <testcase name="checkoutVerificationTest" time="33.584" classname="com.hellofresh.RegressionSuite.CheckoutTest"/>
</testsuite> <!-- com.hellofresh.RegressionSuite.CheckoutTest -->
